\BOOKMARK [0][-]{chapter.1}{\376\377\000W\000h\000a\000t\000\040\000i\000s\000\040\000E\000n\000V\000L\000i\000B\000?}{}% 1
\BOOKMARK [0][-]{chapter.2}{\376\377\000H\000o\000w\000\040\000t\000o\000\040\000r\000u\000n\000\040\000t\000h\000e\000\040\000l\000i\000b\000r\000a\000r\000y}{}% 2
\BOOKMARK [0][-]{chapter.3}{\376\377\000H\000o\000w\000\040\000t\000o\000\040\000u\000s\000e\000\040\000i\000t}{}% 3
\BOOKMARK [0][-]{chapter.4}{\376\377\000H\000o\000w\000\040\000t\000o\000\040\000c\000o\000m\000p\000i\000l\000e\000\040\000d\000o\000c\000u\000m\000e\000n\000t\000a\000t\000i\000o\000n\000\040\000p\000d\000f\000?}{}% 4
\BOOKMARK [0][-]{chapter.5}{\376\377\000M\000o\000d\000u\000l\000e\000s\000:}{}% 5
\BOOKMARK [1][-]{section.5.1}{\376\377\000e\000n\000v\000l\000i\000b}{chapter.5}% 6
\BOOKMARK [2][-]{subsection.5.1.1}{\376\377\000e\000n\000v\000l\000i\000b\000\040\000p\000a\000c\000k\000a\000g\000e}{section.5.1}% 7
\BOOKMARK [3][-]{subsubsection*.3}{\376\377\000S\000u\000b\000m\000o\000d\000u\000l\000e\000s}{subsection.5.1.1}% 8
\BOOKMARK [3][-]{subsubsection*.4}{\376\377\000e\000n\000v\000l\000i\000b\000.\000a\000c\000c\000f\000\040\000m\000o\000d\000u\000l\000e}{subsection.5.1.1}% 9
\BOOKMARK [3][-]{subsubsection*.18}{\376\377\000e\000n\000v\000l\000i\000b\000.\000c\000a\000l\000c\000\137\000a\000l\000t\000r\000v\000\137\000v\000a\000r\000s\000\040\000m\000o\000d\000u\000l\000e}{subsection.5.1.1}% 10
\BOOKMARK [3][-]{subsubsection*.24}{\376\377\000e\000n\000v\000l\000i\000b\000.\000c\000o\000n\000t\000r\000a\000i\000l\000\040\000m\000o\000d\000u\000l\000e}{subsection.5.1.1}% 11
\BOOKMARK [3][-]{subsubsection*.30}{\376\377\000e\000n\000v\000l\000i\000b\000.\000d\000a\000t\000a\000b\000a\000s\000e\000\040\000m\000o\000d\000u\000l\000e}{subsection.5.1.1}% 12
\BOOKMARK [3][-]{subsubsection*.31}{\376\377\000e\000n\000v\000l\000i\000b\000.\000e\000m\000i\000s\000s\000i\000o\000n\000\137\000i\000n\000d\000i\000c\000e\000s\000\040\000m\000o\000d\000u\000l\000e}{subsection.5.1.1}% 13
\BOOKMARK [3][-]{subsubsection*.32}{\376\377\000e\000n\000v\000l\000i\000b\000.\000e\000x\000t\000e\000n\000d\000\137\000d\000i\000m\000\040\000m\000o\000d\000u\000l\000e}{subsection.5.1.1}% 14
\BOOKMARK [3][-]{subsubsection*.34}{\376\377\000e\000n\000v\000l\000i\000b\000.\000e\000x\000t\000r\000a\000c\000t\000\137\000d\000a\000t\000a\000\040\000m\000o\000d\000u\000l\000e}{subsection.5.1.1}% 15
\BOOKMARK [3][-]{subsubsection*.38}{\376\377\000e\000n\000v\000l\000i\000b\000.\000i\000o\000\040\000m\000o\000d\000u\000l\000e}{subsection.5.1.1}% 16
\BOOKMARK [3][-]{subsubsection*.39}{\376\377\000e\000n\000v\000l\000i\000b\000.\000m\000a\000i\000n\000\137\000p\000r\000o\000c\000e\000s\000s\000i\000n\000g\000\040\000m\000o\000d\000u\000l\000e}{subsection.5.1.1}% 17
\BOOKMARK [3][-]{subsubsection*.44}{\376\377\000e\000n\000v\000l\000i\000b\000.\000p\000r\000o\000c\000e\000s\000s\000i\000n\000g\000\137\000s\000u\000r\000f\000\137\000v\000a\000r\000s\000\040\000m\000o\000d\000u\000l\000e}{subsection.5.1.1}% 18
\BOOKMARK [3][-]{subsubsection*.50}{\376\377\000e\000n\000v\000l\000i\000b\000.\000w\000e\000a\000t\000h\000e\000r\000\137\000s\000t\000o\000r\000e\000\040\000m\000o\000d\000u\000l\000e}{subsection.5.1.1}% 19
\BOOKMARK [3][-]{subsubsection*.69}{\376\377\000M\000o\000d\000u\000l\000e\000\040\000c\000o\000n\000t\000e\000n\000t\000s}{subsection.5.1.1}% 20
\BOOKMARK [2][-]{subsection.5.1.2}{\376\377\000s\000e\000t\000u\000p\000\040\000m\000o\000d\000u\000l\000e}{section.5.1}% 21
\BOOKMARK [2][-]{subsection.5.1.3}{\376\377\000t\000e\000s\000t\000\040\000p\000a\000c\000k\000a\000g\000e}{section.5.1}% 22
\BOOKMARK [3][-]{subsubsection*.70}{\376\377\000S\000u\000b\000m\000o\000d\000u\000l\000e\000s}{subsection.5.1.3}% 23
\BOOKMARK [3][-]{subsubsection*.71}{\376\377\000t\000e\000s\000t\000.\000t\000e\000s\000t\000\137\000m\000a\000i\000n\000\040\000m\000o\000d\000u\000l\000e}{subsection.5.1.3}% 24
\BOOKMARK [3][-]{subsubsection*.73}{\376\377\000M\000o\000d\000u\000l\000e\000\040\000c\000o\000n\000t\000e\000n\000t\000s}{subsection.5.1.3}% 25
\BOOKMARK [0][-]{chapter.6}{\376\377\000I\000n\000d\000i\000c\000e\000s\000\040\000a\000n\000d\000\040\000t\000a\000b\000l\000e\000s}{}% 26
\BOOKMARK [1][-]{section.6.1}{\376\377\000A\000c\000k\000n\000o\000w\000l\000e\000d\000m\000g\000e\000m\000e\000n\000t\000s}{chapter.6}% 27
\BOOKMARK [0][-]{section*.74}{\376\377\000P\000y\000t\000h\000o\000n\000\040\000M\000o\000d\000u\000l\000e\000\040\000I\000n\000d\000e\000x}{}% 28
